[debug] [2026-04-03T05:05:02.429Z] ----------------------------------------------------------------------
[debug] [2026-04-03T05:05:02.434Z] Command:       C:\Program Files\nodejs\node.exe C:\Users\USER\AppData\Roaming\npm\node_modules\firebase-tools\lib\bin\firebase.js init
[debug] [2026-04-03T05:05:02.434Z] CLI Version:   15.13.0
[debug] [2026-04-03T05:05:02.434Z] Platform:      win32
[debug] [2026-04-03T05:05:02.435Z] Node Version:  v24.14.1
[debug] [2026-04-03T05:05:02.435Z] Time:          Fri Apr 03 2026 10:35:02 GMT+0530 (India Standard Time)
[debug] [2026-04-03T05:05:02.435Z] ----------------------------------------------------------------------
[debug] 
[info] 
     ######## #### ########  ######## ########     ###     ######  ########
     ##        ##  ##     ## ##       ##     ##  ##   ##  ##       ##
     ######    ##  ########  ######   ########  #########  ######  ######
     ##        ##  ##    ##  ##       ##     ## ##     ##       ## ##
     ##       #### ##     ## ######## ########  ##     ##  ######  ########

You're about to initialize a Firebase project in this directory:

  C:\Users\USER\Desktop\Autonomous Scarecrow Robot\Web App\robot-dashboard

[debug] [2026-04-03T05:05:59.270Z] ExitPromptError: User force closed the prompt with SIGINT
    at Interface.sigint (C:\Users\USER\AppData\Roaming\npm\node_modules\firebase-tools\node_modules\@inquirer\core\dist\commonjs\lib\create-prompt.js:101:37)
    at Interface.emit (node:events:508:28)
    at [_ttyWrite] [as _ttyWrite] (node:internal/readline/interface:1327:18)
    at ReadStream.onkeypress (node:internal/readline/interface:284:20)
    at ReadStream.emit (node:events:520:35)
    at emitKeys (node:internal/readline/utils:371:14)
    at emitKeys.next (<anonymous>)
    at ReadStream.onData (node:internal/readline/emitKeypressEvents:64:36)
    at ReadStream.emit (node:events:508:28)
    at addChunk (node:internal/streams/readable:563:12)
[error] 
[error] Error: An unexpected error has occurred.
